<?xml version="1.0" encoding="UTF-8"?>
<testsuite xmlns:xsi="http://www.w3.org/2001/XMLSchema-instance" xsi:noNamespaceSchemaLocation="https://maven.apache.org/surefire/maven-surefire-plugin/xsd/surefire-test-report.xsd" version="3.0.2" name="com.tian.tianjava.TianDemo2ApplicationTests" time="8.5" tests="1" errors="0" skipped="0" failures="0">
  <properties>
[...]
</properties>
  <testcase name="contextLoads" classname="com.tian.tianjava.TianDemo2ApplicationTests" time="0.41">
    <system-out><![CDATA[12:41:29.496 [main] INFO org.springframework.test.context.support.AnnotationConfigContextLoaderUtils -- Could not detect default configuration classes for test class [com.tian.tianjava.TianDemo2ApplicationTests]: TianDemo2ApplicationTests does not declare any static, non-private, non-final, nested classes annotated with @Configuration.
12:41:29.593 [main] INFO org.springframework.boot.test.context.SpringBootTestContextBootstrapper -- Found @SpringBootConfiguration com.tian.tianjava.TianjavaApplication for test class com.tian.tianjava.TianDemo2ApplicationTests

  .   ____          _            __ _ _
 /\\ / ___'_ __ _ _(_)_ __  __ _ \ \ \ \
( ( )\___ | '_ | '_| | '_ \/ _` | \ \ \ \
 \\/  ___)| |_)| | | | | || (_| |  ) ) ) )
  '  |____| .__|_| |_|_| |_\__, | / / / /
 =========|_|==============|___/=/_/_/_/

 :: Spring Boot ::                (v3.4.5)

2025-05-18T12:41:29.995+08:00  INFO 29112 --- [           main] c.t.tianjava.TianDemo2ApplicationTests   : Starting TianDemo2ApplicationTests using Java 17.0.3.1 with PID 29112 (started by yangyingnan in D:\天津港\Tianjava)
2025-05-18T12:41:29.996+08:00  INFO 29112 --- [           main] c.t.tianjava.TianDemo2ApplicationTests   : No active profile set, falling back to 1 default profile: "default"
2025-05-18T12:41:31.237+08:00  INFO 29112 --- [           main] .s.d.r.c.RepositoryConfigurationDelegate : Multiple Spring Data modules found, entering strict repository configuration mode
2025-05-18T12:41:31.238+08:00  INFO 29112 --- [           main] .s.d.r.c.RepositoryConfigurationDelegate : Bootstrapping Spring Data JPA repositories in DEFAULT mode.
2025-05-18T12:41:31.254+08:00  INFO 29112 --- [           main] .s.d.r.c.RepositoryConfigurationDelegate : Finished Spring Data repository scanning in 6 ms. Found 0 JPA repository interfaces.
2025-05-18T12:41:31.269+08:00  INFO 29112 --- [           main] .s.d.r.c.RepositoryConfigurationDelegate : Multiple Spring Data modules found, entering strict repository configuration mode
2025-05-18T12:41:31.270+08:00  INFO 29112 --- [           main] .s.d.r.c.RepositoryConfigurationDelegate : Bootstrapping Spring Data Redis repositories in DEFAULT mode.
2025-05-18T12:41:31.283+08:00  INFO 29112 --- [           main] .s.d.r.c.RepositoryConfigurationDelegate : Finished Spring Data repository scanning in 2 ms. Found 0 Redis repository interfaces.
2025-05-18T12:41:32.192+08:00  INFO 29112 --- [           main] com.zaxxer.hikari.HikariDataSource       : HikariPool-1 - Starting...
2025-05-18T12:41:32.689+08:00  INFO 29112 --- [           main] com.zaxxer.hikari.pool.HikariPool        : HikariPool-1 - Added connection com.mysql.cj.jdbc.ConnectionImpl@3b64f131
2025-05-18T12:41:32.691+08:00  INFO 29112 --- [           main] com.zaxxer.hikari.HikariDataSource       : HikariPool-1 - Start completed.
2025-05-18T12:41:32.764+08:00  INFO 29112 --- [           main] o.hibernate.jpa.internal.util.LogHelper  : HHH000204: Processing PersistenceUnitInfo [name: default]
2025-05-18T12:41:32.840+08:00  INFO 29112 --- [           main] org.hibernate.Version                    : HHH000412: Hibernate ORM core version 6.6.13.Final
2025-05-18T12:41:32.881+08:00  INFO 29112 --- [           main] o.h.c.internal.RegionFactoryInitiator    : HHH000026: Second-level cache disabled
2025-05-18T12:41:33.221+08:00  INFO 29112 --- [           main] o.s.o.j.p.SpringPersistenceUnitInfo      : No LoadTimeWeaver setup: ignoring JPA class transformer
2025-05-18T12:41:33.294+08:00  INFO 29112 --- [           main] org.hibernate.orm.connections.pooling    : HHH10001005: Database info:
	Database JDBC URL [Connecting through datasource 'HikariDataSource (HikariPool-1)']
	Database driver: undefined/unknown
	Database version: 8.0.33
	Autocommit mode: undefined/unknown
	Isolation level: undefined/unknown
	Minimum pool size: undefined/unknown
	Maximum pool size: undefined/unknown
2025-05-18T12:41:33.528+08:00  INFO 29112 --- [           main] o.h.e.t.j.p.i.JtaPlatformInitiator       : HHH000489: No JTA platform available (set 'hibernate.transaction.jta.platform' to enable JTA platform integration)
2025-05-18T12:41:33.531+08:00  INFO 29112 --- [           main] j.LocalContainerEntityManagerFactoryBean : Initialized JPA EntityManagerFactory for persistence unit 'default'
 _ _   |_  _ _|_. ___ _ |    _ 
| | |\/|_)(_| | |_\  |_)||_|_\ 
     /               |         
                        3.5.7 
✅ SecurityContext 配置已生效: MODE_INHERITABLETHREADLOCAL
2025-05-18T12:41:34.324+08:00  WARN 29112 --- [           main] JpaBaseConfiguration$JpaWebConfiguration : spring.jpa.open-in-view is enabled by default. Therefore, database queries may be performed during view rendering. Explicitly configure spring.jpa.open-in-view to disable this warning
2025-05-18T12:41:34.393+08:00  WARN 29112 --- [           main] .s.s.UserDetailsServiceAutoConfiguration : 

Using generated security password: 4c367999-5850-426a-9c47-848f72afc403

This generated password is for development use only. Your security configuration must be updated before running your application in production.

2025-05-18T12:41:34.420+08:00  INFO 29112 --- [           main] r$InitializeUserDetailsManagerConfigurer : Global AuthenticationManager configured with UserDetailsService bean with name inMemoryUserDetailsManager
2025-05-18T12:41:35.607+08:00  INFO 29112 --- [           main] org.redisson.Version                     : Redisson 3.23.1
2025-05-18T12:41:35.859+08:00  INFO 29112 --- [isson-netty-2-6] o.r.c.pool.MasterPubSubConnectionPool    : 1 connections initialized for localhost/127.0.0.1:6379
2025-05-18T12:41:35.910+08:00  INFO 29112 --- [sson-netty-2-20] o.r.c.pool.MasterConnectionPool          : 24 connections initialized for localhost/127.0.0.1:6379
2025-05-18T12:41:36.010+08:00  INFO 29112 --- [           main] o.s.b.a.e.web.EndpointLinksResolver      : Exposing 1 endpoint beneath base path '/actuator'
其他请求需要身份认证
zznull
2025-05-18T12:41:37.383+08:00  INFO 29112 --- [           main] c.t.tianjava.TianDemo2ApplicationTests   : Started TianDemo2ApplicationTests in 7.651 seconds (process running for 8.422)
]]></system-out>
    <system-err><![CDATA[SLF4J(W): Class path contains multiple SLF4J providers.
SLF4J(W): Found provider [ch.qos.logback.classic.spi.LogbackServiceProvider@7671cb68]
SLF4J(W): Found provider [org.apache.logging.slf4j.SLF4JServiceProvider@49dc7102]
SLF4J(W): See https://www.slf4j.org/codes.html#multiple_bindings for an explanation.
SLF4J(I): Actual provider is of type [ch.qos.logback.classic.spi.LogbackServiceProvider@7671cb68]
]]></system-err>
  </testcase>
</testsuite>